<?xml version="1.0" encoding="UTF-8"?>
<testng-results ignored="0" total="2" passed="2" failed="0" skipped="0">
  <reporter-output>
  </reporter-output>
  <suite started-at="2023-08-22T18:56:22 KST" name="Default suite" finished-at="2023-08-22T18:57:05 KST" duration-ms="43125">
    <groups>
    </groups>
    <test started-at="2023-08-22T18:56:22 KST" name="Default test" finished-at="2023-08-22T18:57:05 KST" duration-ms="43125">
      <class name="myasset3.deposit">
        <test-method is-config="true" signature="setUp()[pri:0, instance:myasset3.deposit@4b29d1d2]" started-at="2023-08-22T18:56:22 KST" name="setUp" finished-at="2023-08-22T18:56:29 KST" duration-ms="7388" status="PASS">
          <reporter-output>
          </reporter-output>
        </test-method> <!-- setUp -->
        <test-method signature="PC_SAVINGS_019()[pri:1, instance:myasset3.deposit@4b29d1d2]" started-at="2023-08-22T18:56:29 KST" name="PC_SAVINGS_019" description="예금 &gt; 은행 선택 레이어 &gt; 은행 전체 선택 동작 확인 (전체 은행사 미선택 상태) " finished-at="2023-08-22T18:56:44 KST" duration-ms="15224" status="PASS">
          <reporter-output>
          </reporter-output>
        </test-method> <!-- PC_SAVINGS_019 -->
        <test-method signature="PC_SAVINGS_020()[pri:1, instance:myasset3.deposit@4b29d1d2]" started-at="2023-08-22T18:56:44 KST" name="PC_SAVINGS_020" description="예금 &gt; 은행 선택 레이어 &gt; 저축은행 전체 선택 동작 확인 (전체 저축 은행사 미선택 상태) " finished-at="2023-08-22T18:57:05 KST" duration-ms="20314" status="PASS">
          <reporter-output>
          </reporter-output>
        </test-method> <!-- PC_SAVINGS_020 -->
        <test-method is-config="true" signature="tearDown()[pri:0, instance:myasset3.deposit@4b29d1d2]" started-at="2023-08-22T18:57:05 KST" name="tearDown" finished-at="2023-08-22T18:57:05 KST" duration-ms="149" status="PASS">
          <reporter-output>
          </reporter-output>
        </test-method> <!-- tearDown -->
      </class> <!-- myasset3.deposit -->
    </test> <!-- Default test -->
  </suite> <!-- Default suite -->
</testng-results>
